<?xml version="1.0" encoding="UTF-8" ?>
<testsuites name="vitest tests" tests="73" failures="0" errors="0" time="0.260472375">
    <testsuite name="tests/app/robots.test.ts" timestamp="2026-06-18T09:16:39.313Z" hostname="mac.lan" tests="13" failures="0" errors="0" skipped="0" time="0.018405125">
        <testcase classname="tests/app/robots.test.ts" name="robots.ts — production behavior &gt; VERCEL_ENV=undefined (fail-safe default) never emits a global Disallow: /" time="0.006452084">
        </testcase>
        <testcase classname="tests/app/robots.test.ts" name="robots.ts — production behavior &gt; VERCEL_ENV=empty string never emits a global Disallow: /" time="0.000916917">
        </testcase>
        <testcase classname="tests/app/robots.test.ts" name="robots.ts — production behavior &gt; includes sitemap URL pointing to /sitemap.xml" time="0.001043875">
        </testcase>
        <testcase classname="tests/app/robots.test.ts" name="robots.ts — production behavior &gt; allows / for the wildcard (*) user-agent" time="0.000716833">
        </testcase>
        <testcase classname="tests/app/robots.test.ts" name="robots.ts — production behavior &gt; explicitly allows AI crawler &quot;GPTBot&quot; in production" time="0.000756416">
        </testcase>
        <testcase classname="tests/app/robots.test.ts" name="robots.ts — production behavior &gt; explicitly allows AI crawler &quot;ChatGPT-User&quot; in production" time="0.000633709">
        </testcase>
        <testcase classname="tests/app/robots.test.ts" name="robots.ts — production behavior &gt; explicitly allows AI crawler &quot;Claude-Web&quot; in production" time="0.000616292">
        </testcase>
        <testcase classname="tests/app/robots.test.ts" name="robots.ts — production behavior &gt; explicitly allows AI crawler &quot;PerplexityBot&quot; in production" time="0.000495791">
        </testcase>
        <testcase classname="tests/app/robots.test.ts" name="robots.ts — production behavior &gt; explicitly allows AI crawler &quot;Google-Extended&quot; in production" time="0.002642333">
        </testcase>
        <testcase classname="tests/app/robots.test.ts" name="robots.ts — production behavior &gt; AI crawler rules allow / and do not globally block all paths" time="0.001270917">
        </testcase>
        <testcase classname="tests/app/robots.test.ts" name="robots.ts — preview/staging behavior &gt; VERCEL_ENV=preview blocks all crawlers with Disallow: /" time="0.000666">
        </testcase>
        <testcase classname="tests/app/robots.test.ts" name="robots.ts — preview/staging behavior &gt; VERCEL_ENV=development blocks all crawlers with Disallow: /" time="0.000564292">
        </testcase>
        <testcase classname="tests/app/robots.test.ts" name="robots.ts — preview/staging behavior &gt; VERCEL_ENV=preview emits no sitemap" time="0.000488292">
        </testcase>
    </testsuite>
    <testsuite name="tests/app/sitemap.test.ts" timestamp="2026-06-18T09:16:39.315Z" hostname="mac.lan" tests="2" failures="0" errors="0" skipped="0" time="0.223711208">
        <testcase classname="tests/app/sitemap.test.ts" name="sitemap &gt; returns marketing, blog, profile, release, and deduplicated track URLs" time="0.221989334">
        </testcase>
        <testcase classname="tests/app/sitemap.test.ts" name="sitemap &gt; returns a non-empty sitemap where every entry has lastModified" time="0.000961334">
        </testcase>
    </testsuite>
    <testsuite name="tests/unit/ci/seo-ratchet.test.ts" timestamp="2026-06-18T09:16:39.315Z" hostname="mac.lan" tests="50" failures="0" errors="0" skipped="0" time="0.012719459">
        <testcase classname="tests/unit/ci/seo-ratchet.test.ts" name="SEO ratchet baseline &gt; baseline file is valid and non-empty" time="0.001303833">
        </testcase>
        <testcase classname="tests/unit/ci/seo-ratchet.test.ts" name="SEO ratchet baseline &gt; route: app/(home)/page.tsx &gt; source file exists" time="0.000283083">
        </testcase>
        <testcase classname="tests/unit/ci/seo-ratchet.test.ts" name="SEO ratchet baseline &gt; route: app/(home)/page.tsx &gt; has required SEO signal: metadata-export" time="0.000727625">
        </testcase>
        <testcase classname="tests/unit/ci/seo-ratchet.test.ts" name="SEO ratchet baseline &gt; route: app/(home)/page.tsx &gt; has required SEO signal: description" time="0.000351833">
        </testcase>
        <testcase classname="tests/unit/ci/seo-ratchet.test.ts" name="SEO ratchet baseline &gt; route: app/(home)/page.tsx &gt; has required SEO signal: openGraph" time="0.000339875">
        </testcase>
        <testcase classname="tests/unit/ci/seo-ratchet.test.ts" name="SEO ratchet baseline &gt; route: app/(home)/page.tsx &gt; has required SEO signal: twitter" time="0.000155167">
        </testcase>
        <testcase classname="tests/unit/ci/seo-ratchet.test.ts" name="SEO ratchet baseline &gt; route: app/(home)/page.tsx &gt; has required SEO signal: canonical" time="0.0001415">
        </testcase>
        <testcase classname="tests/unit/ci/seo-ratchet.test.ts" name="SEO ratchet baseline &gt; route: app/(home)/page.tsx &gt; has required SEO signal: json-ld" time="0.000192083">
        </testcase>
        <testcase classname="tests/unit/ci/seo-ratchet.test.ts" name="SEO ratchet baseline &gt; route: app/(marketing)/pricing/page.tsx &gt; source file exists" time="0.000459375">
        </testcase>
        <testcase classname="tests/unit/ci/seo-ratchet.test.ts" name="SEO ratchet baseline &gt; route: app/(marketing)/pricing/page.tsx &gt; has required SEO signal: metadata-export" time="0.000403584">
        </testcase>
        <testcase classname="tests/unit/ci/seo-ratchet.test.ts" name="SEO ratchet baseline &gt; route: app/(marketing)/pricing/page.tsx &gt; has required SEO signal: description" time="0.000186833">
        </testcase>
        <testcase classname="tests/unit/ci/seo-ratchet.test.ts" name="SEO ratchet baseline &gt; route: app/(marketing)/pricing/page.tsx &gt; has required SEO signal: openGraph" time="0.00014275">
        </testcase>
        <testcase classname="tests/unit/ci/seo-ratchet.test.ts" name="SEO ratchet baseline &gt; route: app/(marketing)/pricing/page.tsx &gt; has required SEO signal: twitter" time="0.000112791">
        </testcase>
        <testcase classname="tests/unit/ci/seo-ratchet.test.ts" name="SEO ratchet baseline &gt; route: app/(marketing)/about/page.tsx &gt; source file exists" time="0.000129834">
        </testcase>
        <testcase classname="tests/unit/ci/seo-ratchet.test.ts" name="SEO ratchet baseline &gt; route: app/(marketing)/about/page.tsx &gt; has required SEO signal: metadata-export" time="0.000461375">
        </testcase>
        <testcase classname="tests/unit/ci/seo-ratchet.test.ts" name="SEO ratchet baseline &gt; route: app/(marketing)/about/page.tsx &gt; has required SEO signal: description" time="0.000134708">
        </testcase>
        <testcase classname="tests/unit/ci/seo-ratchet.test.ts" name="SEO ratchet baseline &gt; route: app/(marketing)/about/page.tsx &gt; has required SEO signal: openGraph" time="0.000110875">
        </testcase>
        <testcase classname="tests/unit/ci/seo-ratchet.test.ts" name="SEO ratchet baseline &gt; route: app/(marketing)/about/page.tsx &gt; has required SEO signal: canonical" time="0.000116583">
        </testcase>
        <testcase classname="tests/unit/ci/seo-ratchet.test.ts" name="SEO ratchet baseline &gt; route: app/(marketing)/blog/page.tsx &gt; source file exists" time="0.000048542">
        </testcase>
        <testcase classname="tests/unit/ci/seo-ratchet.test.ts" name="SEO ratchet baseline &gt; route: app/(marketing)/blog/page.tsx &gt; has required SEO signal: metadata-export" time="0.000289667">
        </testcase>
        <testcase classname="tests/unit/ci/seo-ratchet.test.ts" name="SEO ratchet baseline &gt; route: app/(marketing)/blog/page.tsx &gt; has required SEO signal: description" time="0.000090625">
        </testcase>
        <testcase classname="tests/unit/ci/seo-ratchet.test.ts" name="SEO ratchet baseline &gt; route: app/(marketing)/blog/page.tsx &gt; has required SEO signal: canonical" time="0.00008375">
        </testcase>
        <testcase classname="tests/unit/ci/seo-ratchet.test.ts" name="SEO ratchet baseline &gt; route: app/(marketing)/blog/[slug]/page.tsx &gt; source file exists" time="0.000047208">
        </testcase>
        <testcase classname="tests/unit/ci/seo-ratchet.test.ts" name="SEO ratchet baseline &gt; route: app/(marketing)/blog/[slug]/page.tsx &gt; has required SEO signal: metadata-export" time="0.00036425">
        </testcase>
        <testcase classname="tests/unit/ci/seo-ratchet.test.ts" name="SEO ratchet baseline &gt; route: app/(marketing)/blog/[slug]/page.tsx &gt; has required SEO signal: description" time="0.000100209">
        </testcase>
        <testcase classname="tests/unit/ci/seo-ratchet.test.ts" name="SEO ratchet baseline &gt; route: app/(marketing)/blog/[slug]/page.tsx &gt; has required SEO signal: openGraph" time="0.000086792">
        </testcase>
        <testcase classname="tests/unit/ci/seo-ratchet.test.ts" name="SEO ratchet baseline &gt; route: app/(marketing)/blog/[slug]/page.tsx &gt; has required SEO signal: twitter" time="0.000094583">
        </testcase>
        <testcase classname="tests/unit/ci/seo-ratchet.test.ts" name="SEO ratchet baseline &gt; route: app/(marketing)/blog/[slug]/page.tsx &gt; has required SEO signal: canonical" time="0.000090458">
        </testcase>
        <testcase classname="tests/unit/ci/seo-ratchet.test.ts" name="SEO ratchet baseline &gt; route: app/(marketing)/support/page.tsx &gt; source file exists" time="0.000056583">
        </testcase>
        <testcase classname="tests/unit/ci/seo-ratchet.test.ts" name="SEO ratchet baseline &gt; route: app/(marketing)/support/page.tsx &gt; has required SEO signal: metadata-export" time="0.0002685">
        </testcase>
        <testcase classname="tests/unit/ci/seo-ratchet.test.ts" name="SEO ratchet baseline &gt; route: app/(marketing)/support/page.tsx &gt; has required SEO signal: description" time="0.000089958">
        </testcase>
        <testcase classname="tests/unit/ci/seo-ratchet.test.ts" name="SEO ratchet baseline &gt; route: app/(marketing)/support/page.tsx &gt; has required SEO signal: canonical" time="0.000086875">
        </testcase>
        <testcase classname="tests/unit/ci/seo-ratchet.test.ts" name="SEO ratchet baseline &gt; route: app/(marketing)/changelog/page.tsx &gt; source file exists" time="0.00004925">
        </testcase>
        <testcase classname="tests/unit/ci/seo-ratchet.test.ts" name="SEO ratchet baseline &gt; route: app/(marketing)/changelog/page.tsx &gt; has required SEO signal: metadata-export" time="0.00027575">
        </testcase>
        <testcase classname="tests/unit/ci/seo-ratchet.test.ts" name="SEO ratchet baseline &gt; route: app/(marketing)/changelog/page.tsx &gt; has required SEO signal: description" time="0.000111959">
        </testcase>
        <testcase classname="tests/unit/ci/seo-ratchet.test.ts" name="SEO ratchet baseline &gt; route: app/(marketing)/changelog/page.tsx &gt; has required SEO signal: canonical" time="0.000092">
        </testcase>
        <testcase classname="tests/unit/ci/seo-ratchet.test.ts" name="SEO ratchet baseline &gt; route: app/[username]/page.tsx &gt; source file exists" time="0.00010575">
        </testcase>
        <testcase classname="tests/unit/ci/seo-ratchet.test.ts" name="SEO ratchet baseline &gt; route: app/[username]/page.tsx &gt; has required SEO signal: metadata-export" time="0.00067075">
        </testcase>
        <testcase classname="tests/unit/ci/seo-ratchet.test.ts" name="SEO ratchet baseline &gt; route: app/[username]/page.tsx &gt; has required SEO signal: description" time="0.000183875">
        </testcase>
        <testcase classname="tests/unit/ci/seo-ratchet.test.ts" name="SEO ratchet baseline &gt; route: app/[username]/page.tsx &gt; has required SEO signal: openGraph" time="0.000185541">
        </testcase>
        <testcase classname="tests/unit/ci/seo-ratchet.test.ts" name="SEO ratchet baseline &gt; route: app/[username]/page.tsx &gt; has required SEO signal: twitter" time="0.000199958">
        </testcase>
        <testcase classname="tests/unit/ci/seo-ratchet.test.ts" name="SEO ratchet baseline &gt; route: app/[username]/page.tsx &gt; has required SEO signal: canonical" time="0.000190167">
        </testcase>
        <testcase classname="tests/unit/ci/seo-ratchet.test.ts" name="SEO ratchet baseline &gt; route: app/[username]/page.tsx &gt; has required SEO signal: json-ld" time="0.00020225">
        </testcase>
        <testcase classname="tests/unit/ci/seo-ratchet.test.ts" name="SEO ratchet baseline &gt; route: app/[username]/[slug]/page.tsx &gt; source file exists" time="0.000049958">
        </testcase>
        <testcase classname="tests/unit/ci/seo-ratchet.test.ts" name="SEO ratchet baseline &gt; route: app/[username]/[slug]/page.tsx &gt; has required SEO signal: metadata-export" time="0.000440916">
        </testcase>
        <testcase classname="tests/unit/ci/seo-ratchet.test.ts" name="SEO ratchet baseline &gt; route: app/[username]/[slug]/page.tsx &gt; has required SEO signal: description" time="0.000149958">
        </testcase>
        <testcase classname="tests/unit/ci/seo-ratchet.test.ts" name="SEO ratchet baseline &gt; route: app/[username]/[slug]/page.tsx &gt; has required SEO signal: openGraph" time="0.000113625">
        </testcase>
        <testcase classname="tests/unit/ci/seo-ratchet.test.ts" name="SEO ratchet baseline &gt; route: app/[username]/[slug]/page.tsx &gt; has required SEO signal: twitter" time="0.0001065">
        </testcase>
        <testcase classname="tests/unit/ci/seo-ratchet.test.ts" name="SEO ratchet baseline &gt; route: app/[username]/[slug]/page.tsx &gt; has required SEO signal: canonical" time="0.000112292">
        </testcase>
        <testcase classname="tests/unit/ci/seo-ratchet.test.ts" name="SEO ratchet baseline &gt; route: app/[username]/[slug]/page.tsx &gt; has required SEO signal: json-ld" time="0.000098459">
        </testcase>
    </testsuite>
    <testsuite name="tests/unit/seo/guardrail-check.test.ts" timestamp="2026-06-18T09:16:39.320Z" hostname="mac.lan" tests="8" failures="0" errors="0" skipped="0" time="0.005636583">
        <testcase classname="tests/unit/seo/guardrail-check.test.ts" name="validateRobotsTxt &gt; passes production-shaped robots with sitemap and AI crawlers" time="0.002094375">
        </testcase>
        <testcase classname="tests/unit/seo/guardrail-check.test.ts" name="validateRobotsTxt &gt; fails when User-agent: * globally blocks all paths" time="0.000576875">
        </testcase>
        <testcase classname="tests/unit/seo/guardrail-check.test.ts" name="validateRobotsTxt &gt; fails when sitemap reference is missing" time="0.000309875">
        </testcase>
        <testcase classname="tests/unit/seo/guardrail-check.test.ts" name="validateRobotsTxt &gt; fails when a required AI crawler rule is missing" time="0.000319458">
        </testcase>
        <testcase classname="tests/unit/seo/guardrail-check.test.ts" name="validateSitemapXml &gt; passes non-empty sitemap entries with lastmod" time="0.000790417">
        </testcase>
        <testcase classname="tests/unit/seo/guardrail-check.test.ts" name="validateSitemapXml &gt; fails on empty body" time="0.000125042">
        </testcase>
        <testcase classname="tests/unit/seo/guardrail-check.test.ts" name="validateSitemapXml &gt; fails when url entries are missing lastmod" time="0.000159542">
        </testcase>
        <testcase classname="tests/unit/seo/guardrail-check.test.ts" name="validateSitemapXml &gt; fails when sitemap has no url entries" time="0.000090166">
        </testcase>
    </testsuite>
</testsuites>
